2024-10-29 10:50:00 - INFO - Logging is set up with daily rotation.
2024-10-29 10:53:53 - ERROR - Checkpoint file '../checkpoints/documents-2024-10-29-1.json' not found, initializing new checkpoint.
2024-10-29 10:54:42 - ERROR - Checkpoint file '../checkpoints/documents-2024-10-29-1.json' not found, initializing new checkpoint.
2024-10-29 11:06:07 - ERROR - Checkpoint file '../checkpoints/documents-2024-10-29-1.json' not found, initializing new checkpoint.
2024-10-29 11:06:15 - ERROR - Checkpoint file '../checkpoints/documents-2024-10-29-1.json' not found, initializing new checkpoint.
2024-10-29 11:06:20 - ERROR - Checkpoint file '../checkpoints/documents-2024-10-29-1.json' not found, initializing new checkpoint.
2024-10-29 11:06:53 - ERROR - Checkpoint file '../checkpoints/documents-2024-10-29-1.json' not found, initializing new checkpoint.
2024-10-29 11:07:10 - ERROR - Checkpoint file '../checkpoints/documents-2024-10-29-1.json' not found or is empty, initializing new checkpoint.
2024-10-29 11:07:33 - INFO - Checkpoint saved.
2024-10-29 11:08:19 - INFO - SECTIONS:
2024-10-29 11:08:19 - INFO - section docs: ['§ 275.0-2', '§ 275.0-5', '§ 275.0-7']
2024-10-29 11:08:19 - INFO - § 275.0-2: Total number of lines: 14, total number of words: 362, and average words per line: 26
2024-10-29 11:08:19 - INFO - § 275.0-5: Total number of lines: 10, total number of words: 260, and average words per line: 26
2024-10-29 11:08:19 - INFO - § 275.0-7: Total number of lines: 19, total number of words: 513, and average words per line: 27
2024-10-29 11:08:19 - INFO - Processing document: § 275.0-2_P1 ...
2024-10-29 11:08:19 - INFO - retrieve P1
2024-10-29 11:08:19 - INFO - Processing document: § 275.0-5_P1 ...
2024-10-29 11:08:19 - INFO - retrieve P1
2024-10-29 11:08:19 - INFO - Processing document: § 275.0-7_P1 ...
2024-10-29 11:08:19 - INFO - retrieve P1
2024-10-29 11:08:19 - INFO - Processing document: § 275.0-2_P2 ...
2024-10-29 11:08:19 - INFO - retrieve P2
2024-10-29 11:08:19 - INFO - Processing document: § 275.0-5_P2 ...
2024-10-29 11:08:19 - INFO - retrieve P2
2024-10-29 11:08:19 - INFO - Processing document: § 275.0-7_P2 ...
2024-10-29 11:08:19 - INFO - retrieve P2
2024-10-29 11:09:33 - INFO - Checkpoint restored from ../checkpoints/documents-2024-10-29-1.json.
2024-10-29 11:10:59 - INFO - Checkpoint restored from ../checkpoints/documents-2024-10-29-1.json.
2024-10-29 11:13:12 - INFO - Checkpoint restored from ../checkpoints/documents-2024-10-29-1.json.
2024-10-29 11:18:09 - ERROR - Checkpoint file '../checkpoints/documents-2024-10-29-2.json' not found or is empty, initializing new checkpoint.
2024-10-29 11:19:38 - ERROR - Checkpoint file '../data/checkpoints/documents-2024-10-29-2.json' not found or is empty, initializing new checkpoint.
2024-10-29 11:20:23 - INFO - Checkpoint saved.
2024-10-29 11:20:55 - INFO - SECTIONS:
2024-10-29 11:20:55 - INFO - section docs: ['§ 275.0-2', '§ 275.0-5', '§ 275.0-7']
2024-10-29 11:20:55 - INFO - § 275.0-2: Total number of lines: 14, total number of words: 362, and average words per line: 26
2024-10-29 11:20:55 - INFO - § 275.0-5: Total number of lines: 10, total number of words: 260, and average words per line: 26
2024-10-29 11:20:55 - INFO - § 275.0-7: Total number of lines: 19, total number of words: 513, and average words per line: 27
2024-10-29 11:20:55 - INFO - Processing document: § 275.0-2_P1 ...
2024-10-29 11:20:55 - INFO - retrieve P1
2024-10-29 11:20:55 - INFO - Processing document: § 275.0-5_P1 ...
2024-10-29 11:20:55 - INFO - retrieve P1
2024-10-29 11:20:55 - INFO - Processing document: § 275.0-7_P1 ...
2024-10-29 11:20:55 - INFO - retrieve P1
2024-10-29 11:20:55 - INFO - Processing document: § 275.0-2_P2 ...
2024-10-29 11:20:55 - INFO - retrieve P2
2024-10-29 11:20:55 - INFO - Processing document: § 275.0-5_P2 ...
2024-10-29 11:20:55 - INFO - retrieve P2
2024-10-29 11:20:55 - INFO - Processing document: § 275.0-7_P2 ...
2024-10-29 11:20:55 - INFO - retrieve P2
